<?xml version="1.0" encoding="UTF-8"?>
<!-- Generated by org.testng.reporters.JUnitReportReporter -->
<testsuite hostname="Test" name="suiteB.Test4" tests="1" failures="0" timestamp="22 Jul 2016 13:32:20 GMT" time="0.006" errors="0">
  <testcase name="test4" time="0.006" classname="suiteB.Test4"/>
</testsuite> <!-- suiteB.Test4 -->
